Determining if the pthread_create exist failed with the following output:
Change Dir: /home/zhangzhihong/zhihong_dev_ws/cplusplus_dev_ws/2019_nCoV_prediction/build/CMakeFiles/CMakeTmp

Run Build Command:"/usr/bin/make" "cmTC_bd366/fast"
/usr/bin/make -f CMakeFiles/cmTC_bd366.dir/build.make CMakeFiles/cmTC_bd366.dir/build
make[1]: Entering directory '/home/zhangzhihong/zhihong_dev_ws/cplusplus_dev_ws/2019_nCoV_prediction/build/CMakeFiles/CMakeTmp'
Building C object CMakeFiles/cmTC_bd366.dir/CheckSymbolExists.c.o
/usr/bin/cc     -o CMakeFiles/cmTC_bd366.dir/CheckSymbolExists.c.o   -c /home/zhangzhihong/zhihong_dev_ws/cplusplus_dev_ws/2019_nCoV_prediction/build/CMakeFiles/CMakeTmp/CheckSymbolExists.c
Linking C executable cmTC_bd366
/usr/bin/cmake -E cmake_link_script CMakeFiles/cmTC_bd366.dir/link.txt --verbose=1
/usr/bin/cc       CMakeFiles/cmTC_bd366.dir/CheckSymbolExists.c.o  -o cmTC_bd366 
CMakeFiles/cmTC_bd366.dir/CheckSymbolExists.c.o: In function `main':
CheckSymbolExists.c:(.text+0x16): undefined reference to `pthread_create'
collect2: error: ld returned 1 exit status
CMakeFiles/cmTC_bd366.dir/build.make:97: recipe for target 'cmTC_bd366' failed
make[1]: *** [cmTC_bd366] Error 1
make[1]: Leaving directory '/home/zhangzhihong/zhihong_dev_ws/cplusplus_dev_ws/2019_nCoV_prediction/build/CMakeFiles/CMakeTmp'
Makefile:126: recipe for target 'cmTC_bd366/fast' failed
make: *** [cmTC_bd366/fast] Error 2

File /home/zhangzhihong/zhihong_dev_ws/cplusplus_dev_ws/2019_nCoV_prediction/build/CMakeFiles/CMakeTmp/CheckSymbolExists.c:
/* */
#include <pthread.h>

int main(int argc, char** argv)
{
  (void)argv;
#ifndef pthread_create
  return ((int*)(&pthread_create))[argc];
#else
  (void)argc;
  return 0;
#endif
}

Determining if the function pthread_create exists in the pthreads failed with the following output:
Change Dir: /home/zhangzhihong/zhihong_dev_ws/cplusplus_dev_ws/2019_nCoV_prediction/build/CMakeFiles/CMakeTmp

Run Build Command:"/usr/bin/make" "cmTC_34773/fast"
/usr/bin/make -f CMakeFiles/cmTC_34773.dir/build.make CMakeFiles/cmTC_34773.dir/build
make[1]: Entering directory '/home/zhangzhihong/zhihong_dev_ws/cplusplus_dev_ws/2019_nCoV_prediction/build/CMakeFiles/CMakeTmp'
Building C object CMakeFiles/cmTC_34773.dir/CheckFunctionExists.c.o
/usr/bin/cc    -DCHECK_FUNCTION_EXISTS=pthread_create   -o CMakeFiles/cmTC_34773.dir/CheckFunctionExists.c.o   -c /usr/share/cmake-3.5/Modules/CheckFunctionExists.c
Linking C executable cmTC_34773
/usr/bin/cmake -E cmake_link_script CMakeFiles/cmTC_34773.dir/link.txt --verbose=1
/usr/bin/cc   -DCHECK_FUNCTION_EXISTS=pthread_create    CMakeFiles/cmTC_34773.dir/CheckFunctionExists.c.o  -o cmTC_34773 -lpthreads 
/usr/bin/ld: cannot find -lpthreads
collect2: error: ld returned 1 exit status
CMakeFiles/cmTC_34773.dir/build.make:97: recipe for target 'cmTC_34773' failed
make[1]: *** [cmTC_34773] Error 1
make[1]: Leaving directory '/home/zhangzhihong/zhihong_dev_ws/cplusplus_dev_ws/2019_nCoV_prediction/build/CMakeFiles/CMakeTmp'
Makefile:126: recipe for target 'cmTC_34773/fast' failed
make: *** [cmTC_34773/fast] Error 2


Determining if the pthread_create exist failed with the following output:
Change Dir: /home/zhangzhihong/zhihong_dev_ws/cplusplus_dev_ws/2019_nCoV_prediction/build/CMakeFiles/CMakeTmp

Run Build Command:"/usr/bin/make" "cmTC_479c3/fast"
/usr/bin/make -f CMakeFiles/cmTC_479c3.dir/build.make CMakeFiles/cmTC_479c3.dir/build
make[1]: Entering directory '/home/zhangzhihong/zhihong_dev_ws/cplusplus_dev_ws/2019_nCoV_prediction/build/CMakeFiles/CMakeTmp'
Building C object CMakeFiles/cmTC_479c3.dir/CheckSymbolExists.c.o
/usr/bin/cc     -o CMakeFiles/cmTC_479c3.dir/CheckSymbolExists.c.o   -c /home/zhangzhihong/zhihong_dev_ws/cplusplus_dev_ws/2019_nCoV_prediction/build/CMakeFiles/CMakeTmp/CheckSymbolExists.c
Linking C executable cmTC_479c3
/usr/bin/cmake -E cmake_link_script CMakeFiles/cmTC_479c3.dir/link.txt --verbose=1
/usr/bin/cc       CMakeFiles/cmTC_479c3.dir/CheckSymbolExists.c.o  -o cmTC_479c3 
CMakeFiles/cmTC_479c3.dir/CheckSymbolExists.c.o: In function `main':
CheckSymbolExists.c:(.text+0x16): undefined reference to `pthread_create'
collect2: error: ld returned 1 exit status
CMakeFiles/cmTC_479c3.dir/build.make:97: recipe for target 'cmTC_479c3' failed
make[1]: *** [cmTC_479c3] Error 1
make[1]: Leaving directory '/home/zhangzhihong/zhihong_dev_ws/cplusplus_dev_ws/2019_nCoV_prediction/build/CMakeFiles/CMakeTmp'
Makefile:126: recipe for target 'cmTC_479c3/fast' failed
make: *** [cmTC_479c3/fast] Error 2

File /home/zhangzhihong/zhihong_dev_ws/cplusplus_dev_ws/2019_nCoV_prediction/build/CMakeFiles/CMakeTmp/CheckSymbolExists.c:
/* */
#include <pthread.h>

int main(int argc, char** argv)
{
  (void)argv;
#ifndef pthread_create
  return ((int*)(&pthread_create))[argc];
#else
  (void)argc;
  return 0;
#endif
}

Determining if the function pthread_create exists in the pthreads failed with the following output:
Change Dir: /home/zhangzhihong/zhihong_dev_ws/cplusplus_dev_ws/2019_nCoV_prediction/build/CMakeFiles/CMakeTmp

Run Build Command:"/usr/bin/make" "cmTC_9476b/fast"
/usr/bin/make -f CMakeFiles/cmTC_9476b.dir/build.make CMakeFiles/cmTC_9476b.dir/build
make[1]: Entering directory '/home/zhangzhihong/zhihong_dev_ws/cplusplus_dev_ws/2019_nCoV_prediction/build/CMakeFiles/CMakeTmp'
Building C object CMakeFiles/cmTC_9476b.dir/CheckFunctionExists.c.o
/usr/bin/cc    -DCHECK_FUNCTION_EXISTS=pthread_create   -o CMakeFiles/cmTC_9476b.dir/CheckFunctionExists.c.o   -c /usr/share/cmake-3.5/Modules/CheckFunctionExists.c
Linking C executable cmTC_9476b
/usr/bin/cmake -E cmake_link_script CMakeFiles/cmTC_9476b.dir/link.txt --verbose=1
/usr/bin/cc   -DCHECK_FUNCTION_EXISTS=pthread_create    CMakeFiles/cmTC_9476b.dir/CheckFunctionExists.c.o  -o cmTC_9476b -lpthreads 
/usr/bin/ld: cannot find -lpthreads
collect2: error: ld returned 1 exit status
CMakeFiles/cmTC_9476b.dir/build.make:97: recipe for target 'cmTC_9476b' failed
make[1]: *** [cmTC_9476b] Error 1
make[1]: Leaving directory '/home/zhangzhihong/zhihong_dev_ws/cplusplus_dev_ws/2019_nCoV_prediction/build/CMakeFiles/CMakeTmp'
Makefile:126: recipe for target 'cmTC_9476b/fast' failed
make: *** [cmTC_9476b/fast] Error 2


Determining if the pthread_create exist failed with the following output:
Change Dir: /home/zhangzhihong/zhihong_dev_ws/cplusplus_dev_ws/2019_nCoV_prediction/build/CMakeFiles/CMakeTmp

Run Build Command:"/usr/bin/make" "cmTC_679db/fast"
/usr/bin/make -f CMakeFiles/cmTC_679db.dir/build.make CMakeFiles/cmTC_679db.dir/build
make[1]: Entering directory '/home/zhangzhihong/zhihong_dev_ws/cplusplus_dev_ws/2019_nCoV_prediction/build/CMakeFiles/CMakeTmp'
Building C object CMakeFiles/cmTC_679db.dir/CheckSymbolExists.c.o
/usr/bin/cc     -o CMakeFiles/cmTC_679db.dir/CheckSymbolExists.c.o   -c /home/zhangzhihong/zhihong_dev_ws/cplusplus_dev_ws/2019_nCoV_prediction/build/CMakeFiles/CMakeTmp/CheckSymbolExists.c
Linking C executable cmTC_679db
/usr/bin/cmake -E cmake_link_script CMakeFiles/cmTC_679db.dir/link.txt --verbose=1
/usr/bin/cc       CMakeFiles/cmTC_679db.dir/CheckSymbolExists.c.o  -o cmTC_679db 
CMakeFiles/cmTC_679db.dir/CheckSymbolExists.c.o: In function `main':
CheckSymbolExists.c:(.text+0x16): undefined reference to `pthread_create'
collect2: error: ld returned 1 exit status
CMakeFiles/cmTC_679db.dir/build.make:97: recipe for target 'cmTC_679db' failed
make[1]: *** [cmTC_679db] Error 1
make[1]: Leaving directory '/home/zhangzhihong/zhihong_dev_ws/cplusplus_dev_ws/2019_nCoV_prediction/build/CMakeFiles/CMakeTmp'
Makefile:126: recipe for target 'cmTC_679db/fast' failed
make: *** [cmTC_679db/fast] Error 2

File /home/zhangzhihong/zhihong_dev_ws/cplusplus_dev_ws/2019_nCoV_prediction/build/CMakeFiles/CMakeTmp/CheckSymbolExists.c:
/* */
#include <pthread.h>

int main(int argc, char** argv)
{
  (void)argv;
#ifndef pthread_create
  return ((int*)(&pthread_create))[argc];
#else
  (void)argc;
  return 0;
#endif
}

Determining if the function pthread_create exists in the pthreads failed with the following output:
Change Dir: /home/zhangzhihong/zhihong_dev_ws/cplusplus_dev_ws/2019_nCoV_prediction/build/CMakeFiles/CMakeTmp

Run Build Command:"/usr/bin/make" "cmTC_07610/fast"
/usr/bin/make -f CMakeFiles/cmTC_07610.dir/build.make CMakeFiles/cmTC_07610.dir/build
make[1]: Entering directory '/home/zhangzhihong/zhihong_dev_ws/cplusplus_dev_ws/2019_nCoV_prediction/build/CMakeFiles/CMakeTmp'
Building C object CMakeFiles/cmTC_07610.dir/CheckFunctionExists.c.o
/usr/bin/cc    -DCHECK_FUNCTION_EXISTS=pthread_create   -o CMakeFiles/cmTC_07610.dir/CheckFunctionExists.c.o   -c /usr/share/cmake-3.5/Modules/CheckFunctionExists.c
Linking C executable cmTC_07610
/usr/bin/cmake -E cmake_link_script CMakeFiles/cmTC_07610.dir/link.txt --verbose=1
/usr/bin/cc   -DCHECK_FUNCTION_EXISTS=pthread_create    CMakeFiles/cmTC_07610.dir/CheckFunctionExists.c.o  -o cmTC_07610 -lpthreads 
/usr/bin/ld: cannot find -lpthreads
collect2: error: ld returned 1 exit status
CMakeFiles/cmTC_07610.dir/build.make:97: recipe for target 'cmTC_07610' failed
make[1]: *** [cmTC_07610] Error 1
make[1]: Leaving directory '/home/zhangzhihong/zhihong_dev_ws/cplusplus_dev_ws/2019_nCoV_prediction/build/CMakeFiles/CMakeTmp'
Makefile:126: recipe for target 'cmTC_07610/fast' failed
make: *** [cmTC_07610/fast] Error 2


Determining if the pthread_create exist failed with the following output:
Change Dir: /home/zhangzhihong/Downloads/2019_nCoV_prediction/2019_nCoV_prediction/build/CMakeFiles/CMakeTmp

Run Build Command:"/usr/bin/make" "cmTC_d1015/fast"
/usr/bin/make -f CMakeFiles/cmTC_d1015.dir/build.make CMakeFiles/cmTC_d1015.dir/build
make[1]: Entering directory '/home/zhangzhihong/Downloads/2019_nCoV_prediction/2019_nCoV_prediction/build/CMakeFiles/CMakeTmp'
Building C object CMakeFiles/cmTC_d1015.dir/CheckSymbolExists.c.o
/usr/bin/cc     -o CMakeFiles/cmTC_d1015.dir/CheckSymbolExists.c.o   -c /home/zhangzhihong/Downloads/2019_nCoV_prediction/2019_nCoV_prediction/build/CMakeFiles/CMakeTmp/CheckSymbolExists.c
Linking C executable cmTC_d1015
/usr/bin/cmake -E cmake_link_script CMakeFiles/cmTC_d1015.dir/link.txt --verbose=1
/usr/bin/cc       CMakeFiles/cmTC_d1015.dir/CheckSymbolExists.c.o  -o cmTC_d1015 
CMakeFiles/cmTC_d1015.dir/CheckSymbolExists.c.o: In function `main':
CheckSymbolExists.c:(.text+0x16): undefined reference to `pthread_create'
collect2: error: ld returned 1 exit status
CMakeFiles/cmTC_d1015.dir/build.make:97: recipe for target 'cmTC_d1015' failed
make[1]: *** [cmTC_d1015] Error 1
make[1]: Leaving directory '/home/zhangzhihong/Downloads/2019_nCoV_prediction/2019_nCoV_prediction/build/CMakeFiles/CMakeTmp'
Makefile:126: recipe for target 'cmTC_d1015/fast' failed
make: *** [cmTC_d1015/fast] Error 2

File /home/zhangzhihong/Downloads/2019_nCoV_prediction/2019_nCoV_prediction/build/CMakeFiles/CMakeTmp/CheckSymbolExists.c:
/* */
#include <pthread.h>

int main(int argc, char** argv)
{
  (void)argv;
#ifndef pthread_create
  return ((int*)(&pthread_create))[argc];
#else
  (void)argc;
  return 0;
#endif
}

Determining if the function pthread_create exists in the pthreads failed with the following output:
Change Dir: /home/zhangzhihong/Downloads/2019_nCoV_prediction/2019_nCoV_prediction/build/CMakeFiles/CMakeTmp

Run Build Command:"/usr/bin/make" "cmTC_56aba/fast"
/usr/bin/make -f CMakeFiles/cmTC_56aba.dir/build.make CMakeFiles/cmTC_56aba.dir/build
make[1]: Entering directory '/home/zhangzhihong/Downloads/2019_nCoV_prediction/2019_nCoV_prediction/build/CMakeFiles/CMakeTmp'
Building C object CMakeFiles/cmTC_56aba.dir/CheckFunctionExists.c.o
/usr/bin/cc    -DCHECK_FUNCTION_EXISTS=pthread_create   -o CMakeFiles/cmTC_56aba.dir/CheckFunctionExists.c.o   -c /usr/share/cmake-3.5/Modules/CheckFunctionExists.c
Linking C executable cmTC_56aba
/usr/bin/cmake -E cmake_link_script CMakeFiles/cmTC_56aba.dir/link.txt --verbose=1
/usr/bin/cc   -DCHECK_FUNCTION_EXISTS=pthread_create    CMakeFiles/cmTC_56aba.dir/CheckFunctionExists.c.o  -o cmTC_56aba -lpthreads 
/usr/bin/ld: cannot find -lpthreads
collect2: error: ld returned 1 exit status
CMakeFiles/cmTC_56aba.dir/build.make:97: recipe for target 'cmTC_56aba' failed
make[1]: *** [cmTC_56aba] Error 1
make[1]: Leaving directory '/home/zhangzhihong/Downloads/2019_nCoV_prediction/2019_nCoV_prediction/build/CMakeFiles/CMakeTmp'
Makefile:126: recipe for target 'cmTC_56aba/fast' failed
make: *** [cmTC_56aba/fast] Error 2


Determining if the pthread_create exist failed with the following output:
Change Dir: /home/zhangzhihong/zhihong_dev_ws/cplusplus_dev_ws/2019_nCoV_prediction/2019_nCoV_prediction/build/CMakeFiles/CMakeTmp

Run Build Command:"/usr/bin/make" "cmTC_77ce2/fast"
/usr/bin/make -f CMakeFiles/cmTC_77ce2.dir/build.make CMakeFiles/cmTC_77ce2.dir/build
make[1]: Entering directory '/home/zhangzhihong/zhihong_dev_ws/cplusplus_dev_ws/2019_nCoV_prediction/2019_nCoV_prediction/build/CMakeFiles/CMakeTmp'
Building C object CMakeFiles/cmTC_77ce2.dir/CheckSymbolExists.c.o
/usr/bin/cc     -o CMakeFiles/cmTC_77ce2.dir/CheckSymbolExists.c.o   -c /home/zhangzhihong/zhihong_dev_ws/cplusplus_dev_ws/2019_nCoV_prediction/2019_nCoV_prediction/build/CMakeFiles/CMakeTmp/CheckSymbolExists.c
Linking C executable cmTC_77ce2
/usr/bin/cmake -E cmake_link_script CMakeFiles/cmTC_77ce2.dir/link.txt --verbose=1
/usr/bin/cc       CMakeFiles/cmTC_77ce2.dir/CheckSymbolExists.c.o  -o cmTC_77ce2 
CMakeFiles/cmTC_77ce2.dir/CheckSymbolExists.c.o: In function `main':
CheckSymbolExists.c:(.text+0x16): undefined reference to `pthread_create'
collect2: error: ld returned 1 exit status
CMakeFiles/cmTC_77ce2.dir/build.make:97: recipe for target 'cmTC_77ce2' failed
make[1]: *** [cmTC_77ce2] Error 1
make[1]: Leaving directory '/home/zhangzhihong/zhihong_dev_ws/cplusplus_dev_ws/2019_nCoV_prediction/2019_nCoV_prediction/build/CMakeFiles/CMakeTmp'
Makefile:126: recipe for target 'cmTC_77ce2/fast' failed
make: *** [cmTC_77ce2/fast] Error 2

File /home/zhangzhihong/zhihong_dev_ws/cplusplus_dev_ws/2019_nCoV_prediction/2019_nCoV_prediction/build/CMakeFiles/CMakeTmp/CheckSymbolExists.c:
/* */
#include <pthread.h>

int main(int argc, char** argv)
{
  (void)argv;
#ifndef pthread_create
  return ((int*)(&pthread_create))[argc];
#else
  (void)argc;
  return 0;
#endif
}

Determining if the function pthread_create exists in the pthreads failed with the following output:
Change Dir: /home/zhangzhihong/zhihong_dev_ws/cplusplus_dev_ws/2019_nCoV_prediction/2019_nCoV_prediction/build/CMakeFiles/CMakeTmp

Run Build Command:"/usr/bin/make" "cmTC_1b9d4/fast"
/usr/bin/make -f CMakeFiles/cmTC_1b9d4.dir/build.make CMakeFiles/cmTC_1b9d4.dir/build
make[1]: Entering directory '/home/zhangzhihong/zhihong_dev_ws/cplusplus_dev_ws/2019_nCoV_prediction/2019_nCoV_prediction/build/CMakeFiles/CMakeTmp'
Building C object CMakeFiles/cmTC_1b9d4.dir/CheckFunctionExists.c.o
/usr/bin/cc    -DCHECK_FUNCTION_EXISTS=pthread_create   -o CMakeFiles/cmTC_1b9d4.dir/CheckFunctionExists.c.o   -c /usr/share/cmake-3.5/Modules/CheckFunctionExists.c
Linking C executable cmTC_1b9d4
/usr/bin/cmake -E cmake_link_script CMakeFiles/cmTC_1b9d4.dir/link.txt --verbose=1
/usr/bin/cc   -DCHECK_FUNCTION_EXISTS=pthread_create    CMakeFiles/cmTC_1b9d4.dir/CheckFunctionExists.c.o  -o cmTC_1b9d4 -lpthreads 
/usr/bin/ld: cannot find -lpthreads
collect2: error: ld returned 1 exit status
CMakeFiles/cmTC_1b9d4.dir/build.make:97: recipe for target 'cmTC_1b9d4' failed
make[1]: *** [cmTC_1b9d4] Error 1
make[1]: Leaving directory '/home/zhangzhihong/zhihong_dev_ws/cplusplus_dev_ws/2019_nCoV_prediction/2019_nCoV_prediction/build/CMakeFiles/CMakeTmp'
Makefile:126: recipe for target 'cmTC_1b9d4/fast' failed
make: *** [cmTC_1b9d4/fast] Error 2


